[11:28:40] [main/INFO]: Environment: authHost='https://authserver.mojang.com', accountsHost='https://api.mojang.com', sessionHost='https://sessionserver.mojang.com', servicesHost='https://api.minecraftservices.com', name='PROD'
[11:28:43] [main/WARN]: Ambiguity between arguments [teleport, destination] and [teleport, targets] with inputs: [Player, 0123, @e, dd12be42-52a9-4a91-a8a1-11c01849e498]
[11:28:43] [main/WARN]: Ambiguity between arguments [teleport, location] and [teleport, destination] with inputs: [0.1 -0.5 .9, 0 0 0]
[11:28:43] [main/WARN]: Ambiguity between arguments [teleport, location] and [teleport, targets] with inputs: [0.1 -0.5 .9, 0 0 0]
[11:28:43] [main/WARN]: Ambiguity between arguments [teleport, targets] and [teleport, destination] with inputs: [Player, 0123, dd12be42-52a9-4a91-a8a1-11c01849e498]
[11:28:43] [main/WARN]: Ambiguity between arguments [teleport, targets, location] and [teleport, targets, destination] with inputs: [0.1 -0.5 .9, 0 0 0]
[11:28:43] [main/INFO]: Reloading ResourceManager: Default
[11:28:48] [Worker-Main-6/INFO]: Loaded 7 recipes
[11:28:51] [Worker-Main-6/INFO]: Loaded 927 advancements
[11:28:59] [Server thread/INFO]: Starting minecraft server version 1.16.4
[11:28:59] [Server thread/INFO]: Loading properties
[11:28:59] [Server thread/INFO]: Default game type: SURVIVAL
[11:28:59] [Server thread/INFO]: Generating keypair
[11:29:00] [Server thread/INFO]: Starting Minecraft server on 10.8.2.31:5674
[11:29:00] [Server thread/INFO]: Using epoll channel type
[11:29:00] [Server thread/WARN]: **** FAILED TO BIND TO PORT!
[11:29:00] [Server thread/WARN]: The exception was: io.netty.channel.unix.Errors$NativeIoException: bind(..) failed: Cannot assign requested address
[11:29:00] [Server thread/WARN]: Perhaps a server is already running on that port?
[11:29:00] [Server thread/INFO]: Stopping server
[11:29:00] [Server thread/INFO]: Saving worlds
[11:29:00] [Server thread/ERROR]: Exception stopping the server
java.lang.NullPointerException: null
	at net.minecraft.server.MinecraftServer.a(SourceFile:572) ~[server.jar:?]
	at net.minecraft.server.MinecraftServer.t(SourceFile:599) ~[server.jar:?]
	at zg.t(SourceFile:567) ~[server.jar:?]
	at net.minecraft.server.MinecraftServer.w(SourceFile:707) ~[server.jar:?]
	at net.minecraft.server.MinecraftServer.a(SourceFile:257) ~[server.jar:?]
	at java.lang.Thread.run(Thread.java:834) [?:?]
